#
# There is insufficient memory for the Java Runtime Environment to continue.
# Native memory allocation (mmap) failed to map 266338304 bytes for G1 virtual space
# Possible reasons:
#   The system is out of physical RAM or swap space
#   The process is running with CompressedOops enabled, and the Java Heap may be blocking the growth of the native heap
# Possible solutions:
#   Reduce memory load on the system
#   Increase physical memory or swap space
#   Check if swap backing store is full
#   Decrease Java heap size (-Xmx/-Xms)
#   Decrease number of Java threads
#   Decrease Java thread stack sizes (-Xss)
#   Set larger code cache with -XX:ReservedCodeCacheSize=
#   JVM is running with Zero Based Compressed Oops mode in which the Java heap is
#     placed in the first 32GB address space. The Java Heap base address is the
#     maximum limit for the native heap growth. Please use -XX:HeapBaseMinAddress
#     to set the Java Heap base and to place the Java Heap above 32GB virtual address.
# This output file may be truncated or incomplete.
#
#  Out of Memory Error (os_windows.cpp:3613), pid=35496, tid=24336
#
# JRE version:  (17.0.9+9) (build )
# Java VM: OpenJDK 64-Bit Server VM (17.0.9+9, mixed mode, sharing, tiered, compressed oops, compressed class ptrs, g1 gc, windows-amd64)
# No core dump will be written. Minidumps are not enabled by default on client versions of Windows
#

---------------  S U M M A R Y ------------

Command Line: -ea -Dfile.encoding=UTF-8 -Dstdout.encoding=UTF-8 -Dstderr.encoding=UTF-8 -XX:+ShowCodeDetailsInExceptionMessages org.testng.remote.RemoteTestNG -serport 63763 -protocol json -d C:\Users\Mayurini Priya\eclipse-workspace\Octopus_Qa\test-output C:\Users\MAYURI~1\AppData\Local\Temp\testng-eclipse--885336051\testng-customsuite.xml

Host: Intel(R) Core(TM) i5-10210U CPU @ 1.60GHz, 8 cores, 15G,  Windows 11 , 64 bit Build 22621 (10.0.22621.2506)
Time: Tue Dec 12 11:16:27 2023 Sri Lanka Standard Time elapsed time: 0.028162 seconds (0d 0h 0m 0s)

---------------  T H R E A D  ---------------

Current thread (0x0000026667b2d3d0):  JavaThread "Unknown thread" [_thread_in_vm, id=24336, stack(0x000000f5f8b00000,0x000000f5f8c00000)]

Stack: [0x000000f5f8b00000,0x000000f5f8c00000]
Native frames: (J=compiled Java code, j=interpreted, Vv=VM code, C=native code)
V  [jvm.dll+0x67cf49]
V  [jvm.dll+0x83478a]
V  [jvm.dll+0x83624e]
V  [jvm.dll+0x8368b3]
V  [jvm.dll+0x247f1f]
V  [jvm.dll+0x679d69]
V  [jvm.dll+0x66e6ba]
V  [jvm.dll+0x307e5b]
V  [jvm.dll+0x30f306]
V  [jvm.dll+0x35f0ce]
V  [jvm.dll+0x35f2ff]
V  [jvm.dll+0x2dea58]
V  [jvm.dll+0x2df9c4]
V  [jvm.dll+0x806031]
V  [jvm.dll+0x36cf31]
V  [jvm.dll+0x7e4aac]
V  [jvm.dll+0x3f07af]
V  [jvm.dll+0x3f23e1]
C  [jli.dll+0x528f]
C  [ucrtbase.dll+0x29363]
C  [KERNEL32.DLL+0x1257d]
C  [ntdll.dll+0x5aa58]


---------------  P R O C E S S  ---------------

Threads class SMR info:
_java_thread_list=0x00007ffb87d9ee98, length=0, elements={
}

Java Threads: ( => current thread )

Other Threads:
  0x0000026667b9a780 GCTaskThread "GC Thread#0" [stack: 0x000000f5f8c00000,0x000000f5f8d00000] [id=14820]
  0x0000026667bab360 ConcurrentGCThread "G1 Main Marker" [stack: 0x000000f5f8d00000,0x000000f5f8e00000] [id=19508]
  0x0000026667bac420 ConcurrentGCThread "G1 Conc#0" [stack: 0x000000f5f8e00000,0x000000f5f8f00000] [id=30420]

[error occurred during error reporting (printing all threads), id 0xc0000005, EXCEPTION_ACCESS_VIOLATION (0xc0000005) at pc=0x00007ffb8755f497]

VM state: not at safepoint (not fully initialized)

VM Mutex/Monitor currently owned by a thread:  ([mutex/lock_event])
[0x0000026667b28d40] Heap_lock - owner thread: 0x0000026667b2d3d0

Heap address: 0x0000000702600000, size: 4058 MB, Compressed Oops mode: Zero based, Oop shift amount: 3

CDS archive(s) mapped at: [0x0000000000000000-0x0000000000000000-0x0000000000000000), size 0, SharedBaseAddress: 0x0000000800000000, ArchiveRelocationMode: 1.
Narrow klass base: 0x0000000000000000, Narrow klass shift: 0, Narrow klass range: 0x0

GC Precious Log:
<Empty>

Heap:
 garbage-first heap   total 0K, used 0K [0x0000000702600000, 0x0000000800000000)
  region size 2048K, 0 young (0K), 0 survivors (0K)

[error occurred during error reporting (printing heap information), id 0xc0000005, EXCEPTION_ACCESS_VIOLATION (0xc0000005) at pc=0x00007ffb87946c79]

GC Heap History (0 events):
No events

Dll operation events (1 events):
Event: 0.019 Loaded shared library C:\Users\Mayurini Priya\.p2\pool\plugins\org.eclipse.justj.openjdk.hotspot.jre.full.win32.x86_64_17.0.9.v20231028-0858\jre\bin\java.dll

Deoptimization events (0 events):
No events

Classes unloaded (0 events):
No events

Classes redefined (0 events):
No events

Internal exceptions (0 events):
No events

VM Operations (0 events):
No events

Events (0 events):
No events


Dynamic libraries:
0x00007ff7497c0000 - 0x00007ff7497ce000 	C:\Users\Mayurini Priya\.p2\pool\plugins\org.eclipse.justj.openjdk.hotspot.jre.full.win32.x86_64_17.0.9.v20231028-0858\jre\bin\javaw.exe
0x00007ffbc3450000 - 0x00007ffbc3667000 	C:\WINDOWS\SYSTEM32\ntdll.dll
0x00007ffbc1c50000 - 0x00007ffbc1d14000 	C:\WINDOWS\System32\KERNEL32.DLL
0x00007ffbc07f0000 - 0x00007ffbc0b95000 	C:\WINDOWS\System32\KERNELBASE.dll
0x00007ffba87b0000 - 0x00007ffba87c7000 	C:\Users\Mayurini Priya\.p2\pool\plugins\org.eclipse.justj.openjdk.hotspot.jre.full.win32.x86_64_17.0.9.v20231028-0858\jre\bin\jli.dll
0x00007ffba4e10000 - 0x00007ffba4e2b000 	C:\Users\Mayurini Priya\.p2\pool\plugins\org.eclipse.justj.openjdk.hotspot.jre.full.win32.x86_64_17.0.9.v20231028-0858\jre\bin\VCRUNTIME140.dll
0x00007ffbc0c10000 - 0x00007ffbc0d21000 	C:\WINDOWS\System32\ucrtbase.dll
0x00007ffbc11a0000 - 0x00007ffbc134e000 	C:\WINDOWS\System32\USER32.dll
0x00007ffbc07c0000 - 0x00007ffbc07e6000 	C:\WINDOWS\System32\win32u.dll
0x00007ffbade90000 - 0x00007ffbae123000 	C:\WINDOWS\WinSxS\amd64_microsoft.windows.common-controls_6595b64144ccf1df_6.0.22621.2506_none_270c5ae97388e100\COMCTL32.dll
0x00007ffbc1350000 - 0x00007ffbc1379000 	C:\WINDOWS\System32\GDI32.dll
0x00007ffbc26a0000 - 0x00007ffbc2747000 	C:\WINDOWS\System32\msvcrt.dll
0x00007ffbc0f40000 - 0x00007ffbc1059000 	C:\WINDOWS\System32\gdi32full.dll
0x00007ffbc0ea0000 - 0x00007ffbc0f3a000 	C:\WINDOWS\System32\msvcp_win.dll
0x00007ffbc3160000 - 0x00007ffbc3191000 	C:\WINDOWS\System32\IMM32.DLL
0x0000026667ab0000 - 0x0000026667ac4000 	C:\WINDOWS\System32\umppc17706.dll
0x00007ffbbd5d0000 - 0x00007ffbbd5dc000 	C:\Users\Mayurini Priya\.p2\pool\plugins\org.eclipse.justj.openjdk.hotspot.jre.full.win32.x86_64_17.0.9.v20231028-0858\jre\bin\vcruntime140_1.dll
0x00007ffb9b770000 - 0x00007ffb9b7fd000 	C:\Users\Mayurini Priya\.p2\pool\plugins\org.eclipse.justj.openjdk.hotspot.jre.full.win32.x86_64_17.0.9.v20231028-0858\jre\bin\msvcp140.dll
0x00007ffb87270000 - 0x00007ffb87ed1000 	C:\Users\Mayurini Priya\.p2\pool\plugins\org.eclipse.justj.openjdk.hotspot.jre.full.win32.x86_64_17.0.9.v20231028-0858\jre\bin\server\jvm.dll
0x00007ffbc1410000 - 0x00007ffbc14c1000 	C:\WINDOWS\System32\ADVAPI32.dll
0x00007ffbc3060000 - 0x00007ffbc3106000 	C:\WINDOWS\System32\sechost.dll
0x00007ffbc16d0000 - 0x00007ffbc17e7000 	C:\WINDOWS\System32\RPCRT4.dll
0x00007ffbc0690000 - 0x00007ffbc06dd000 	C:\WINDOWS\SYSTEM32\POWRPROF.dll
0x00007ffba8270000 - 0x00007ffba8279000 	C:\WINDOWS\SYSTEM32\WSOCK32.dll
0x00007ffbc3300000 - 0x00007ffbc3371000 	C:\WINDOWS\System32\WS2_32.dll
0x00007ffbb9de0000 - 0x00007ffbb9e14000 	C:\WINDOWS\SYSTEM32\WINMM.dll
0x00007ffbb9950000 - 0x00007ffbb995a000 	C:\WINDOWS\SYSTEM32\VERSION.dll
0x00007ffbc0670000 - 0x00007ffbc0683000 	C:\WINDOWS\SYSTEM32\UMPDC.dll
0x00007ffbbf720000 - 0x00007ffbbf738000 	C:\WINDOWS\SYSTEM32\kernel.appcore.dll
0x00007ffbbb830000 - 0x00007ffbbb83a000 	C:\Users\Mayurini Priya\.p2\pool\plugins\org.eclipse.justj.openjdk.hotspot.jre.full.win32.x86_64_17.0.9.v20231028-0858\jre\bin\jimage.dll
0x00007ffbbe090000 - 0x00007ffbbe2c3000 	C:\WINDOWS\SYSTEM32\DBGHELP.DLL
0x00007ffbc22f0000 - 0x00007ffbc2679000 	C:\WINDOWS\System32\combase.dll
0x00007ffbc14f0000 - 0x00007ffbc15c7000 	C:\WINDOWS\System32\OLEAUT32.dll
0x00007ffbb7ee0000 - 0x00007ffbb7f12000 	C:\WINDOWS\SYSTEM32\dbgcore.DLL
0x00007ffbc1060000 - 0x00007ffbc10da000 	C:\WINDOWS\System32\bcryptPrimitives.dll
0x00007ffbb4b00000 - 0x00007ffbb4b25000 	C:\Users\Mayurini Priya\.p2\pool\plugins\org.eclipse.justj.openjdk.hotspot.jre.full.win32.x86_64_17.0.9.v20231028-0858\jre\bin\java.dll

dbghelp: loaded successfully - version: 4.0.5 - missing functions: none
symbol engine: initialized successfully - sym options: 0x614 - pdb path: .;C:\Users\Mayurini Priya\.p2\pool\plugins\org.eclipse.justj.openjdk.hotspot.jre.full.win32.x86_64_17.0.9.v20231028-0858\jre\bin;C:\WINDOWS\SYSTEM32;C:\WINDOWS\WinSxS\amd64_microsoft.windows.common-controls_6595b64144ccf1df_6.0.22621.2506_none_270c5ae97388e100;C:\Users\Mayurini Priya\.p2\pool\plugins\org.eclipse.justj.openjdk.hotspot.jre.full.win32.x86_64_17.0.9.v20231028-0858\jre\bin\server

VM Arguments:
jvm_args: -ea -Dfile.encoding=UTF-8 -Dstdout.encoding=UTF-8 -Dstderr.encoding=UTF-8 -XX:+ShowCodeDetailsInExceptionMessages 
java_command: org.testng.remote.RemoteTestNG -serport 63763 -protocol json -d C:\Users\Mayurini Priya\eclipse-workspace\Octopus_Qa\test-output C:\Users\MAYURI~1\AppData\Local\Temp\testng-eclipse--885336051\testng-customsuite.xml
java_class_path (initial): C:\Users\Mayurini Priya\eclipse\java-2023-093\eclipse\configuration\org.eclipse.osgi\523\0\.cp\lib\testng-remote.jar;C:\Users\Mayurini Priya\eclipse-workspace\Octopus_Qa\target\test-classes;C:\Users\Mayurini Priya\eclipse-workspace\Octopus_Qa\target\classes;C:\Users\Mayurini Priya\.p2\pool\plugins\org.testng_7.4.0.r202105021533.jar;C:\Users\Mayurini Priya\.p2\pool\plugins\com.beust.jcommander_1.78.0.jar;C:\Users\Mayurini Priya\.p2\pool\plugins\org.apache-extras.beanshell.bsh_2.0.0.b6.jar;C:\Users\Mayurini Priya\.p2\pool\plugins\org.yaml.snakeyaml_1.21.0.jar;C:\Users\Mayurini Priya\.p2\pool\plugins\org.webjars.jquery_3.5.1.jar;C:\Users\Mayurini Priya\.m2\repository\org\seleniumhq\selenium\selenium-java\3.141.59\selenium-java-3.141.59.jar;C:\Users\Mayurini Priya\.m2\repository\org\seleniumhq\selenium\selenium-api\3.141.59\selenium-api-3.141.59.jar;C:\Users\Mayurini Priya\.m2\repository\org\seleniumhq\selenium\selenium-chrome-driver\3.141.59\selenium-chrome-driver-3.141.59.jar;C:\Users\Mayurini Priya\.m2\repository\org\seleniumhq\selenium\selenium-edge-driver\3.141.59\selenium-edge-driver-3.141.59.jar;C:\Users\Mayurini Priya\.m2\repository\org\seleniumhq\selenium\selenium-firefox-driver\3.141.59\selenium-firefox-driver-3.141.59.jar;C:\Users\Mayurini Priya\.m2\repository\org\seleniumhq\selenium\selenium-ie-driver\3.141.59\selenium-ie-driver-3.141.59.jar;C:\Users\Mayurini Priya\.m2\repository\org\seleniumhq\selenium\selenium-opera-driver\3.141.59\selenium-opera-driver-3.141.59.jar;C:\Users\Mayurini Priya\.m2\repository\org\seleniumhq\selenium\selenium-remote-driver\3.141.59\selenium-remote-driver-3.141.59.jar;C:\Users\Mayurini Priya\.m2\repository\org\seleniumhq\selenium\selenium-safari-driver\3.141.59\selenium-safari-driver-3.141.59.jar;C:\Users\Mayurini Priya\.m2\repository\org\seleniumhq\selenium\selenium-support\3.141.59\selenium-support-3.141.59.jar;C:\Users\Mayurini Priya\.m2\repository\net\bytebuddy\byte-buddy\1.8.15\byte-buddy-1.8.15.
Launcher Type: SUN_STANDARD

[Global flags]
     intx CICompilerCount                          = 4                                         {product} {ergonomic}
     uint ConcGCThreads                            = 2                                         {product} {ergonomic}
     uint G1ConcRefinementThreads                  = 8                                         {product} {ergonomic}
   size_t G1HeapRegionSize                         = 2097152                                   {product} {ergonomic}
    uintx GCDrainStackTargetSize                   = 64                                        {product} {ergonomic}
   size_t InitialHeapSize                          = 266338304                                 {product} {ergonomic}
   size_t MarkStackSize                            = 4194304                                   {product} {ergonomic}
   size_t MaxHeapSize                              = 4255121408                                {product} {ergonomic}
   size_t MinHeapDeltaBytes                        = 2097152                                   {product} {ergonomic}
   size_t MinHeapSize                              = 8388608                                   {product} {ergonomic}
    uintx NonNMethodCodeHeapSize                   = 5839372                                {pd product} {ergonomic}
    uintx NonProfiledCodeHeapSize                  = 122909434                              {pd product} {ergonomic}
    uintx ProfiledCodeHeapSize                     = 122909434                              {pd product} {ergonomic}
    uintx ReservedCodeCacheSize                    = 251658240                              {pd product} {ergonomic}
     bool SegmentedCodeCache                       = true                                      {product} {ergonomic}
     bool ShowCodeDetailsInExceptionMessages       = true                                   {manageable} {command line}
   size_t SoftMaxHeapSize                          = 4255121408                             {manageable} {ergonomic}
     bool UseCompressedClassPointers               = true                           {product lp64_product} {ergonomic}
     bool UseCompressedOops                        = true                           {product lp64_product} {ergonomic}
     bool UseG1GC                                  = true                                      {product} {ergonomic}
     bool UseLargePagesIndividualAllocation        = false                                  {pd product} {ergonomic}

Logging:
Log output configuration:
 #0: stdout all=warning uptime,level,tags
 #1: stderr all=off uptime,level,tags

Environment Variables:
PATH=C:/Users/Mayurini Priya/.p2/pool/plugins/org.eclipse.justj.openjdk.hotspot.jre.full.win32.x86_64_17.0.9.v20231028-0858/jre/bin/server;C:/Users/Mayurini Priya/.p2/pool/plugins/org.eclipse.justj.openjdk.hotspot.jre.full.win32.x86_64_17.0.9.v20231028-0858/jre/bin;C:\Program Files (x86)\Common Files\Oracle\Java\javapath;C:\WINDOWS\system32;C:\WINDOWS;C:\WINDOWS\System32\Wbem;C:\WINDOWS\System32\WindowsPowerShell\v1.0\;C:\WINDOWS\System32\OpenSSH\;C:\Program Files\Docker\Docker\resources\bin;C:\Users\Mayurini Priya\AppData\Local\Microsoft\WindowsApps;;C:\Users\Mayurini Priya\Desktop;
USERNAME=Mayurini Priya
OS=Windows_NT
PROCESSOR_IDENTIFIER=Intel64 Family 6 Model 142 Stepping 12, GenuineIntel
TMP=C:\Users\MAYURI~1\AppData\Local\Temp
TEMP=C:\Users\MAYURI~1\AppData\Local\Temp



Periodic native trim disabled


---------------  S Y S T E M  ---------------

OS:
 Windows 11 , 64 bit Build 22621 (10.0.22621.2506)
OS uptime: 14 days 20:33 hours
Hyper-V role detected

CPU: total 8 (initial active 8) (4 cores per cpu, 2 threads per core) family 6 model 142 stepping 12 microcode 0xf8, cx8, cmov, fxsr, ht, mmx, 3dnowpref, sse, sse2, sse3, ssse3, sse4.1, sse4.2, popcnt, lzcnt, tsc, tscinvbit, avx, avx2, aes, erms, clmul, bmi1, bmi2, adx, fma, vzeroupper, clflush, clflushopt, hv
Processor Information for all 8 processors :
  Max Mhz: 2112, Current Mhz: 1609, Mhz Limit: 1605

Memory: 4k page, system-wide physical 16231M (2430M free)
TotalPageFile size 30445M (AvailPageFile size 43M)
current process WorkingSet (physical memory assigned to process): 12M, peak: 12M
current process commit charge ("private bytes"): 60M, peak: 314M

vm_info: OpenJDK 64-Bit Server VM (17.0.9+9) for windows-amd64 JRE (17.0.9+9), built on Oct 26 2023 14:01:42 by "admin" with MS VC++ 16.10 / 16.11 (VS2019)

END.
